Removed Pin From Net: NetName=DGND Pin=C5-1
Removed Pin From Net: NetName=AGND Pin=C10-1
Removed Pin From Net: NetName=DGND Pin=P1-3
Removed Pin From Net: NetName=DGND Pin=Q2-2
Removed Pin From Net: NetName=DGND Pin=Q3-2
Removed Pin From Net: NetName=AGND Pin=R10-1
Removed Pin From Net: NetName=AGND Pin=R11-1
Removed Pin From Net: NetName=AGND Pin=R12-1
Removed Pin From Net: NetName=DGND Pin=U3-2
Removed Pin From Net: NetName=DGND Pin=U3-3
Removed Pin From Net: NetName=DGND Pin=U4-6
Removed Pin From Net: NetName=DGND Pin=U4-16
Removed Pin From Net: NetName=AGND Pin=VR1-1
Added Pin To Net: NetName=GND_in Pin=C5-1
Added Pin To Net: NetName=GND_in Pin=C10-1
Added Pin To Net: NetName=GND_in Pin=P1-3
Added Pin To Net: NetName=GND_in Pin=Q2-2
Added Pin To Net: NetName=GND_in Pin=Q3-2
Added Pin To Net: NetName=GND_in Pin=R10-1
Added Pin To Net: NetName=GND_in Pin=R11-1
Added Pin To Net: NetName=GND_in Pin=R12-1
Added Pin To Net: NetName=GND_in Pin=U3-2
Added Pin To Net: NetName=GND_in Pin=U3-3
Added Pin To Net: NetName=GND_in Pin=U4-6
Added Pin To Net: NetName=GND_in Pin=U4-16
Added Pin To Net: NetName=GND_in Pin=VR1-1
Added Net: Name=GND_in
