Added Component: Designator=U4(TQFP-PT44_N)
Add component. Clean all parameters for all variants
Add component (AddParameter): Name = "Code_JEDEC"; Value = "MS-026"; VariantName = "[No Variations]"
Add component (AddParameter): Name = "ComponentLink1Description"; Value = "Datasheet"; VariantName = "[No Variations]"
Add component (AddParameter): Name = "ComponentLink1URL"; Value = "http://ww1.microchip.com/downloads/en/DeviceDoc/39881D.pdf"; VariantName = "[No Variations]"
Add component (AddParameter): Name = "ComponentLink2Description"; Value = "Packaging Specification"; VariantName = "[No Variations]"
Add component (AddParameter): Name = "ComponentLink2URL"; Value = "http://www.microchip.com/stellent/groups/techpub_sg/documents/packagingspec/en012702.pdf"; VariantName = "[No Variations]"
Add component (AddParameter): Name = "ComponentLink3Description"; Value = "Microchip.com Home"; VariantName = "[No Variations]"
Add component (AddParameter): Name = "ComponentLink3URL"; Value = "http://www.microchip.com/"; VariantName = "[No Variations]"
Add component (AddParameter): Name = "DatasheetVersion"; Value = "revD, Feb-2010"; VariantName = "[No Variations]"
Add component (AddParameter): Name = "LatestRevisionDate"; Value = "07-Oct-2010"; VariantName = "[No Variations]"
Add component (AddParameter): Name = "LatestRevisionNote"; Value = "Updated to datasheet revision D, Feb-2010. Supplier links updated."; VariantName = "[No Variations]"
Add component (AddParameter): Name = "PackageDescription"; Value = "44-Lead Plastic Thin Quad Flatpack (PT) - 10x10x1mm Body, 2.00mm [TQFP]"; VariantName = "[No Variations]"
Add component (AddParameter): Name = "PackageReference"; Value = "TQFP-PT44"; VariantName = "[No Variations]"
Add component (AddParameter): Name = "PackageVersion"; Value = "revBB, Aug-2009"; VariantName = "[No Variations]"
Add component (AddParameter): Name = "Published"; Value = "2-Dec-2009"; VariantName = "[No Variations]"
Add component (AddParameter): Name = "Publisher"; Value = "Altium Limited"; VariantName = "[No Variations]"
Add component (AddParameter): Name = "Supplier 1"; Value = "Digi-Key"; VariantName = "[No Variations]"
Add component (AddParameter): Name = "Supplier 2"; Value = "Farnell"; VariantName = "[No Variations]"
Add component (AddParameter): Name = "Supplier Part Number 1"; Value = "PIC24FJ64GA004-E/PT-ND"; VariantName = "[No Variations]"
Add component (AddParameter): Name = "Supplier Part Number 2"; Value = "1788574"; VariantName = "[No Variations]"
Added Pin To Net: NetName=NetC5_1 Pin=U4-7
Added Pin To Net: NetName=VCC Pin=U4-17
Added Pin To Net: NetName=NetP1_1 Pin=U4-18
Added Pin To Net: NetName=NetR2_1 Pin=U4-19
Added Pin To Net: NetName=NetR5_1 Pin=U4-20
Added Pin To Net: NetName=NetP1_4 Pin=U4-21
Added Pin To Net: NetName=NetP1_5 Pin=U4-22
Added Pin To Net: NetName=NetR6_2 Pin=U4-25
Added Pin To Net: NetName=NetR3_1 Pin=U4-26
Added Pin To Net: NetName=VCC Pin=U4-28
Added Pin To Net: NetName=GND Pin=U4-29
Added Pin To Net: NetName=GND Pin=U4-39
Added Pin To Net: NetName=VCC Pin=U4-40
Added Member To Class: ClassName=U_RelayBypass Member=Component U4 PIC24FJ64GA004-E/PT
