Change Physical Footprint: Designator=* Old Footprint=EB2 Relay New Footprint=EB2 Relay
Change Physical Footprint: Designator=C1 Old Footprint=1206 New Footprint=1206
Change Physical Footprint: Designator=C3 Old Footprint=1206 New Footprint=1206
Change Physical Footprint: Designator=C4 Old Footprint=1206 New Footprint=1206
Change Physical Footprint: Designator=C5 Old Footprint=1210 New Footprint=1210
Change Physical Footprint: Designator=C6 Old Footprint=1206 New Footprint=1206
Change Physical Footprint: Designator=C7 Old Footprint=Cap-0.2" New Footprint=Cap-0.2"
Change Physical Footprint: Designator=C8 Old Footprint=Cap-0.2" New Footprint=Cap-0.2"
Change Physical Footprint: Designator=C9 Old Footprint=Cap-0.2" New Footprint=Cap-0.2"
Change Physical Footprint: Designator=C10 Old Footprint=Cap-0.2" New Footprint=Cap-0.2"
Change Physical Footprint: Designator=C11 Old Footprint=1210 New Footprint=1210
Change Physical Footprint: Designator=C12 Old Footprint=1210 New Footprint=1210
Change Physical Footprint: Designator=C13 Old Footprint=1206 New Footprint=1206
Change Physical Footprint: Designator=D1 Old Footprint=DO-35 New Footprint=DO-35
Change Physical Footprint: Designator=D2 Old Footprint=DO-35 New Footprint=DO-35
Change Physical Footprint: Designator=D3 Old Footprint=DO41 New Footprint=DO41
Change Physical Footprint: Designator=P1 Old Footprint=HDR1X6 New Footprint=HDR1X6
Change Physical Footprint: Designator=Q1 Old Footprint=ONSC-TO-92-3-29-11 New Footprint=ONSC-TO-92-3-29-11
Change Physical Footprint: Designator=Q2 Old Footprint=ONSC-SC-70-3-419-04_V New Footprint=ONSC-SC-70-3-419-04_V
Change Physical Footprint: Designator=Q3 Old Footprint=ONSC-SC-70-3-419-04_V New Footprint=ONSC-SC-70-3-419-04_V
Change Physical Footprint: Designator=R1 Old Footprint=AXIAL-0.4 New Footprint=AXIAL-0.4
Change Physical Footprint: Designator=R2 Old Footprint=6-0805 New Footprint=6-0805
Change Physical Footprint: Designator=R3 Old Footprint=6-0805 New Footprint=6-0805
Change Physical Footprint: Designator=R4 Old Footprint=6-0805 New Footprint=6-0805
Change Physical Footprint: Designator=R5 Old Footprint=6-0805 New Footprint=6-0805
Change Physical Footprint: Designator=R6 Old Footprint=6-0805 New Footprint=6-0805
Change Physical Footprint: Designator=R7 Old Footprint=AXIAL-0.4 New Footprint=AXIAL-0.4
Change Physical Footprint: Designator=R8 Old Footprint=AXIAL-0.4 New Footprint=AXIAL-0.4
Change Physical Footprint: Designator=R9 Old Footprint=AXIAL-0.4 New Footprint=AXIAL-0.4
Change Physical Footprint: Designator=R10 Old Footprint=AXIAL-0.4 New Footprint=AXIAL-0.4
Change Physical Footprint: Designator=R11 Old Footprint=AXIAL-0.4 New Footprint=AXIAL-0.4
Change Physical Footprint: Designator=R12 Old Footprint=AXIAL-0.4 New Footprint=AXIAL-0.4
Change Physical Footprint: Designator=R13 Old Footprint=AXIAL-0.4 New Footprint=AXIAL-0.4
Change Physical Footprint: Designator=R14 Old Footprint=6-0805 New Footprint=6-0805
Change Physical Footprint: Designator=R15 Old Footprint=6-0805 New Footprint=6-0805
Change Physical Footprint: Designator=S1 Old Footprint=SPDT Toggle New Footprint=SPDT Toggle
Change Physical Footprint: Designator=U1 Old Footprint=SOT-89_N New Footprint=SOT-89_N
Change Physical Footprint: Designator=U2 Old Footprint=SOT-89_N New Footprint=SOT-89_N
Change Physical Footprint: Designator=U3 Old Footprint=DIP-4 New Footprint=DIP-4
Change Physical Footprint: Designator=U4 Old Footprint=TQFP-PT44_N New Footprint=TQFP-PT44_N
Change Physical Footprint: Designator=VR1 Old Footprint=Pot-16mm New Footprint=Pot-16mm
Change Physical Footprint: Designator=VR2 Old Footprint=Pot-16mm New Footprint=Pot-16mm
