Removed Pin From Net: NetName=5v Pin=U1-1
Removed Pin From Net: NetName=GND Pin=U1-2
Change Component Footprint: Designator=U1 Old Footprint=TO92 New Footprint=SO8_N
Change Component Comment : Designator=U1 Old Comment=L78L05CZ New Comment=C78L05CD
Change component parameters: Designator = "U1"; Footprint = "SO8_N"; UniqueID = "\VUTDWVHU\PBGMGQLU"
Change component parameters. Clean all parameters for all variants
Change component parameters (AddParameter): Name = "Code_IPC"; Value = "SOIC127P600-8"; VariantName = "[No Variations]"
Change component parameters (AddParameter): Name = "Code_JEDEC"; Value = "MS-012-AA"; VariantName = "[No Variations]"
Change component parameters (AddParameter): Name = "ComponentLink1Description"; Value = "Manufacturer Link"; VariantName = "[No Variations]"
Change component parameters (AddParameter): Name = "ComponentLink1URL"; Value = "http://www.st.com/"; VariantName = "[No Variations]"
Change component parameters (AddParameter): Name = "DatasheetVersion"; Value = "Jan-1994"; VariantName = "[No Variations]"
Change component parameters (AddParameter): Name = "LatestRevisionDate"; Value = "13-Apr-2006"; VariantName = "[No Variations]"
Change component parameters (AddParameter): Name = "LatestRevisionNote"; Value = "IPC-7351 Footprint Added."; VariantName = "[No Variations]"
Change component parameters (AddParameter): Name = "PackageDescription"; Value = "8-Pin Small Outline Integrated Circuit 1.27 mm Pitch"; VariantName = "[No Variations]"
Change component parameters (AddParameter): Name = "PackageReference"; Value = "SO8"; VariantName = "[No Variations]"
Change component parameters (AddParameter): Name = "PackageVersion"; Value = "Dec-2002"; VariantName = "[No Variations]"
Change component parameters (AddParameter): Name = "Published"; Value = "24-Aug-2001"; VariantName = "[No Variations]"
Change component parameters (AddParameter): Name = "Publisher"; Value = "Altium Limited"; VariantName = "[No Variations]"
Added Pin To Net: NetName=9V Pin=U1-2
Added Pin To Net: NetName=9V Pin=U1-6
Added Pin To Net: NetName=9V Pin=U1-7
Added Pin To Net: NetName=GND Pin=U1-8
